<?xml version="1.0" encoding="UTF-8"?>
<!-- Generated by org.testng.reporters.JUnitReportReporter -->
<testsuite hostname="HpLaptop" failures="0" tests="4" name="org.SwagLabs.TestRunner.Run" time="64.892" errors="0" timestamp="2024-12-20T23:52:22 IST" skipped="0">
  <testcase classname="org.SwagLabs.TestRunner.Run" name="runScenario" time="10.220"/>
  <testcase classname="org.SwagLabs.TestRunner.Run" name="runScenario" time="9.869"/>
  <testcase classname="org.SwagLabs.TestRunner.Run" name="runScenario" time="9.078"/>
  <testcase classname="org.SwagLabs.TestRunner.Run" name="runScenario" time="35.725"/>
</testsuite> <!-- org.SwagLabs.TestRunner.Run -->
