<?xml version="1.0" encoding="UTF-8"?>
<!-- Generated by org.testng.reporters.JUnitReportReporter -->
<testsuite hostname="HpLaptop" failures="0" tests="4" name="org.SwagLabs.TestRunner.Run" time="309.092" errors="0" timestamp="2025-01-23T14:40:42 IST" skipped="0">
  <testcase classname="org.SwagLabs.TestRunner.Run" name="runScenario" time="44.258"/>
  <testcase classname="org.SwagLabs.TestRunner.Run" name="runScenario" time="157.461"/>
  <testcase classname="org.SwagLabs.TestRunner.Run" name="runScenario" time="52.077"/>
  <testcase classname="org.SwagLabs.TestRunner.Run" name="runScenario" time="55.296"/>
</testsuite> <!-- org.SwagLabs.TestRunner.Run -->
